<?xml version="1.0" encoding="UTF-8"?>
<!-- Generated by org.testng.reporters.JUnitReportReporter -->
<testsuite skipped="0" hostname="DESKTOP-BB2H9DJ" name="techcanvass.seltraning.NewTest" tests="1" failures="0" timestamp="19 Aug 2018 06:26:38 GMT" time="2.471" errors="0">
  <testcase name="f" time="2.471" classname="techcanvass.seltraning.NewTest"/>
</testsuite> <!-- techcanvass.seltraning.NewTest -->
